[debug] [2020-04-11T02:27:01.962Z] ----------------------------------------------------------------------
[debug] [2020-04-11T02:27:01.973Z] Command:       C:\Program Files\nodejs\node.exe C:\Users\Motta\AppData\Roaming\npm\node_modules\firebase-tools\lib\bin\firebase.js init
[debug] [2020-04-11T02:27:01.974Z] CLI Version:   8.0.2
[debug] [2020-04-11T02:27:01.975Z] Platform:      win32
[debug] [2020-04-11T02:27:01.975Z] Node Version:  v12.16.1
[debug] [2020-04-11T02:27:01.979Z] Time:          Fri Apr 10 2020 23:27:01 GMT-0300 (GMT-03:00)
[debug] [2020-04-11T02:27:01.980Z] ----------------------------------------------------------------------
[debug] [2020-04-11T02:27:01.980Z] 
[debug] [2020-04-11T02:27:02.012Z] > command requires scopes: ["email","openid","https://www.googleapis.com/auth/cloudplatformprojects.readonly","https://www.googleapis.com/auth/firebase","https://www.googleapis.com/auth/cloud-platform"]
[debug] [2020-04-11T02:27:02.014Z] > authorizing via signed-in user
[info] 
     ######## #### ########  ######## ########     ###     ######  ########
     ##        ##  ##     ## ##       ##     ##  ##   ##  ##       ##
     ######    ##  ########  ######   ########  #########  ######  ######
     ##        ##  ##    ##  ##       ##     ## ##     ##       ## ##
     ##       #### ##     ## ######## ########  ##     ##  ######  ########

You're about to initialize a Firebase project in this directory:

  C:\Users\Motta\Desktop\Curso de Angular\prj-start

Before we get started, keep in mind:

  * You are initializing in an existing Firebase project directory

[info] 
=== Project Setup
[info] 
[info] First, let's associate this project directory with a Firebase project.
[info] You can create multiple project aliases by running firebase use --add, 
[info] but for now we'll just set up a default project.
[info] 
[info] i  .firebaserc already has a default project, using ng-course-recipe-book-533a0.
[debug] [2020-04-11T02:27:10.944Z] >>> HTTP REQUEST GET https://firebase.googleapis.com/v1beta1/projects/ng-course-recipe-book-533a0  
 
[debug] [2020-04-11T02:27:12.431Z] <<< HTTP RESPONSE 200 {"content-type":"application/json; charset=UTF-8","vary":"X-Origin, Referer, Origin,Accept-Encoding","date":"Sat, 11 Apr 2020 02:26:06 GMT","server":"ESF","cache-control":"private","x-xss-protection":"0","x-frame-options":"SAMEORIGIN","x-content-type-options":"nosniff","alt-svc":"quic=\":443\"; ma=2592000; v=\"46,43\",h3-Q050=\":443\"; ma=2592000,h3-Q049=\":443\"; ma=2592000,h3-Q048=\":443\"; ma=2592000,h3-Q046=\":443\"; ma=2592000,h3-Q043=\":443\"; ma=2592000,h3-T050=\":443\"; ma=2592000","accept-ranges":"none","transfer-encoding":"chunked"}
[info] 
=== Hosting Setup
[info] 
[info] Your public directory is the folder (relative to your project directory) that
[info] will contain Hosting assets to be uploaded with firebase deploy. If you
[info] have a build process for your assets, use your build's output directory.
[info] 
